<?xml version="1.0" encoding="UTF-8"?>
<!-- Generated by org.testng.reporters.JUnitReportReporter -->
<testsuite hostname="user-PC" name="com.automation.testcases.LoginWithValidCredentials" tests="1" failures="0" timestamp="23 Jan 2018 15:30:45 GMT" time="9.395" errors="0">
  <testcase name="validateLoginfunctionality" time="9.395" classname="com.automation.testcases.LoginWithValidCredentials"/>
</testsuite> <!-- com.automation.testcases.LoginWithValidCredentials -->
